[sites.google.com/view/medwings.html]
[backblue.gif]
[fade.gif]
[index.html]
[apis.google.com/js/clientc932.js]
[sites.google.com/view/medwings/join-us.html]
[sites.google.com/view/medwings/home.html]
[sites.google.com/view/medwings/order-medicines.html]
[sites.google.com/view/medwings/order-medicines/healthcare-products.html]
[sites.google.com/view/medwings/order-medicines/lab-tests.html]
[sites.google.com/view/medwings/covid-19.html]
[sites.google.com/view/medwings.html]
[sites.google.com/view/medwings/join-us.html]
[sites.google.com/view/medwings/home.html]
[sites.google.com/view/medwings/order-medicines.html]
[sites.google.com/view/medwings/order-medicines/healthcare-products.html]
[sites.google.com/view/medwings/order-medicines/lab-tests.html]
[sites.google.com/view/medwings/covid-19.html]
[sites.google.com/view/medwings/about-us.html]
[sites.google.com/view/medwings/about-us.html]
